<?xml version="1.0" encoding="UTF-8"?>
<testng-results skipped="0" failed="0" ignored="0" total="1" passed="1">
  <reporter-output>
  </reporter-output>
  <suite name="Suite" duration-ms="10580" started-at="2023-04-16T21:15:53 IST" finished-at="2023-04-16T21:16:04 IST">
    <groups>
    </groups>
    <test name="Test" duration-ms="10580" started-at="2023-04-16T21:15:53 IST" finished-at="2023-04-16T21:16:04 IST">
      <class name="edu.co.First1">
        <test-method status="PASS" signature="f()[pri:0, instance:edu.co.First1@335eadca]" name="f" duration-ms="10528" started-at="2023-04-16T21:15:54 IST" finished-at="2023-04-16T21:16:04 IST">
          <reporter-output>
          </reporter-output>
        </test-method> <!-- f -->
      </class> <!-- edu.co.First1 -->
    </test> <!-- Test -->
  </suite> <!-- Suite -->
</testng-results>
